loss: 1.144665 (l2_loss: 0.006989), valid_loss: 2.257801
loss: 1.966000 (l2_loss: 0.006712), valid_loss: 1.152933
loss: 1.086228 (l2_loss: 0.006532), valid_loss: 1.967011
loss: 1.072294 (l2_loss: 0.006429), valid_loss: 1.427786
loss: 1.340636 (l2_loss: 0.006416), valid_loss: 1.868850
loss: 1.968152 (l2_loss: 0.006494), valid_loss: 1.571144
loss: 1.434734 (l2_loss: 0.006658), valid_loss: 1.470555
loss: 1.259016 (l2_loss: 0.006918), valid_loss: 1.593286
loss: 1.081049 (l2_loss: 0.007276), valid_loss: 1.432306
loss: 1.408967 (l2_loss: 0.007735), valid_loss: 1.470972
loss: 0.050215 (l2_loss: 0.043072), valid_loss: 0.049834
loss: 0.031523 (l2_loss: 0.031403), valid_loss: 0.031523
loss: 0.033239 (l2_loss: 0.029182), valid_loss: 0.032420
loss: 0.026257 (l2_loss: 0.027257), valid_loss: 0.027555
loss: 0.018702 (l2_loss: 0.025848), valid_loss: 0.019539
loss: 0.018047 (l2_loss: 0.024911), valid_loss: 0.020424
loss: 0.029313 (l2_loss: 0.023815), valid_loss: 0.019905
loss: 0.013721 (l2_loss: 0.023052), valid_loss: 0.013767
loss: 0.009867 (l2_loss: 0.021860), valid_loss: 0.015030
loss: 0.014648 (l2_loss: 0.020755), valid_loss: 0.016750
loss: 0.011178 (l2_loss: 0.019667), valid_loss: 0.011518
loss: 0.014021 (l2_loss: 0.018664), valid_loss: 0.023915
loss: 0.015238 (l2_loss: 0.017584), valid_loss: 0.011779
loss: 0.014471 (l2_loss: 0.017401), valid_loss: 0.011683
loss: 0.009940 (l2_loss: 0.016854), valid_loss: 0.019764
loss: 0.011547 (l2_loss: 0.016185), valid_loss: 0.014255
loss: 0.010444 (l2_loss: 0.016064), valid_loss: 0.012250
loss: 0.006174 (l2_loss: 0.015465), valid_loss: 0.018718
loss: 0.009959 (l2_loss: 0.015292), valid_loss: 0.010454
loss: 0.017755 (l2_loss: 0.014943), valid_loss: 0.008420
loss: 0.007917 (l2_loss: 0.014788), valid_loss: 0.009963
loss: 0.011066 (l2_loss: 0.014597), valid_loss: 0.009965
loss: 0.014425 (l2_loss: 0.014451), valid_loss: 0.011221
loss: 0.013646 (l2_loss: 0.014086), valid_loss: 0.012985
loss: 0.014809 (l2_loss: 0.013857), valid_loss: 0.013531
loss: 0.007857 (l2_loss: 0.013935), valid_loss: 0.013345
loss: 0.007982 (l2_loss: 0.013573), valid_loss: 0.018931
loss: 0.013238 (l2_loss: 0.013752), valid_loss: 0.009404
loss: 0.009529 (l2_loss: 0.013395), valid_loss: 0.011497
loss: 2.000860 (l2_loss: 0.006955), valid_loss: 2.386565
loss: 1.045221 (l2_loss: 0.006701), valid_loss: 1.727930
loss: 1.189890 (l2_loss: 0.006530), valid_loss: 1.877137
loss: 1.664688 (l2_loss: 0.006446), valid_loss: 1.672534
loss: 1.311620 (l2_loss: 0.006448), valid_loss: 1.371205
loss: 2.069143 (l2_loss: 0.006537), valid_loss: 1.882136
loss: 1.887280 (l2_loss: 0.006708), valid_loss: 1.214637
loss: 1.414080 (l2_loss: 0.006970), valid_loss: 1.373837
loss: 1.526173 (l2_loss: 0.007328), valid_loss: 1.014988
loss: 1.049429 (l2_loss: 0.007781), valid_loss: 1.616612
loss: 0.017030 (l2_loss: 0.042164), valid_loss: 0.040221
loss: 0.048562 (l2_loss: 0.029882), valid_loss: 0.020263
loss: 0.017101 (l2_loss: 0.027457), valid_loss: 0.026629
loss: 0.014556 (l2_loss: 0.026227), valid_loss: 0.016358
loss: 0.018131 (l2_loss: 0.024415), valid_loss: 0.017746
loss: 0.017603 (l2_loss: 0.024484), valid_loss: 0.024907
loss: 0.015875 (l2_loss: 0.022924), valid_loss: 0.008927
loss: 0.012732 (l2_loss: 0.022303), valid_loss: 0.017908
loss: 0.010244 (l2_loss: 0.020981), valid_loss: 0.013249
loss: 0.010990 (l2_loss: 0.019895), valid_loss: 0.012090
loss: 0.015099 (l2_loss: 0.018983), valid_loss: 0.010558
loss: 0.011185 (l2_loss: 0.018009), valid_loss: 0.010494
loss: 0.020859 (l2_loss: 0.017577), valid_loss: 0.013171
loss: 0.009984 (l2_loss: 0.016601), valid_loss: 0.010776
loss: 0.010137 (l2_loss: 0.016306), valid_loss: 0.010355
loss: 0.011928 (l2_loss: 0.015796), valid_loss: 0.008072
loss: 0.015041 (l2_loss: 0.015050), valid_loss: 0.008227
loss: 0.014182 (l2_loss: 0.015181), valid_loss: 0.009665
loss: 0.006299 (l2_loss: 0.014831), valid_loss: 0.013012
loss: 0.010851 (l2_loss: 0.014583), valid_loss: 0.013907
loss: 0.011505 (l2_loss: 0.014300), valid_loss: 0.011010
loss: 0.012959 (l2_loss: 0.014292), valid_loss: 0.015631
loss: 0.011356 (l2_loss: 0.014051), valid_loss: 0.009995
loss: 0.017060 (l2_loss: 0.013763), valid_loss: 0.021464
loss: 0.008131 (l2_loss: 0.013856), valid_loss: 0.012003
loss: 0.015369 (l2_loss: 0.013429), valid_loss: 0.017512
loss: 0.016091 (l2_loss: 0.013908), valid_loss: 0.011024
loss: 0.008866 (l2_loss: 0.013115), valid_loss: 0.013667
loss: 0.008959 (l2_loss: 0.013395), valid_loss: 0.011581
loss: 1.841062 (l2_loss: 0.007060), valid_loss: 2.292669
loss: 1.839235 (l2_loss: 0.006825), valid_loss: 1.534053
loss: 2.567341 (l2_loss: 0.006686), valid_loss: 2.542660
loss: 1.654498 (l2_loss: 0.006634), valid_loss: 1.261844
loss: 1.941609 (l2_loss: 0.006667), valid_loss: 1.403171
loss: 1.424002 (l2_loss: 0.006785), valid_loss: 1.792480
loss: 1.887037 (l2_loss: 0.006991), valid_loss: 1.583879
loss: 0.728194 (l2_loss: 0.007287), valid_loss: 1.227518
loss: 1.656631 (l2_loss: 0.007663), valid_loss: 0.620842
loss: 1.521083 (l2_loss: 0.008134), valid_loss: 1.166510
loss: 0.051197 (l2_loss: 0.042096), valid_loss: 0.037000
loss: 0.042331 (l2_loss: 0.033123), valid_loss: 0.031825
loss: 0.030070 (l2_loss: 0.029086), valid_loss: 0.030793
loss: 0.025120 (l2_loss: 0.027351), valid_loss: 0.017084
loss: 0.022993 (l2_loss: 0.026716), valid_loss: 0.016647
loss: 0.023296 (l2_loss: 0.026091), valid_loss: 0.025737
loss: 0.011223 (l2_loss: 0.024815), valid_loss: 0.020176
loss: 0.019165 (l2_loss: 0.023696), valid_loss: 0.019036
loss: 0.016070 (l2_loss: 0.022673), valid_loss: 0.011395
loss: 0.021571 (l2_loss: 0.021924), valid_loss: 0.013369
loss: 0.016471 (l2_loss: 0.021518), valid_loss: 0.012116
loss: 0.008033 (l2_loss: 0.020464), valid_loss: 0.017876
loss: 0.011014 (l2_loss: 0.020097), valid_loss: 0.012699
loss: 0.011104 (l2_loss: 0.019484), valid_loss: 0.018724
loss: 0.010107 (l2_loss: 0.019155), valid_loss: 0.008706
loss: 0.020269 (l2_loss: 0.018472), valid_loss: 0.013761
loss: 0.011238 (l2_loss: 0.018181), valid_loss: 0.016060
loss: 0.012370 (l2_loss: 0.017638), valid_loss: 0.011014
loss: 0.012195 (l2_loss: 0.017299), valid_loss: 0.017179
loss: 0.007805 (l2_loss: 0.017146), valid_loss: 0.014287
loss: 0.014125 (l2_loss: 0.016805), valid_loss: 0.008552
loss: 0.010068 (l2_loss: 0.016449), valid_loss: 0.011067
loss: 0.008867 (l2_loss: 0.016133), valid_loss: 0.011583
loss: 0.023403 (l2_loss: 0.015576), valid_loss: 0.012206
loss: 0.020099 (l2_loss: 0.015554), valid_loss: 0.011608
loss: 0.010918 (l2_loss: 0.015767), valid_loss: 0.009350
loss: 0.010196 (l2_loss: 0.015469), valid_loss: 0.017183
loss: 0.008907 (l2_loss: 0.015580), valid_loss: 0.008609
loss: 0.016478 (l2_loss: 0.015126), valid_loss: 0.010123
[[1.         0.90171107]
 [0.90171107 1.        ]]
0.9017110737767571
