loss: 3.150001 (l2_loss: 0.009447), valid_loss: 2.563868
loss: 2.043691 (l2_loss: 0.008906), valid_loss: 2.149523
loss: 2.231250 (l2_loss: 0.008462), valid_loss: 2.594763
loss: 1.508879 (l2_loss: 0.008130), valid_loss: 1.318684
loss: 2.097531 (l2_loss: 0.007909), valid_loss: 2.276352
loss: 1.504679 (l2_loss: 0.007797), valid_loss: 1.715079
loss: 2.093507 (l2_loss: 0.007797), valid_loss: 1.768382
loss: 1.400662 (l2_loss: 0.007899), valid_loss: 1.536636
loss: 2.194042 (l2_loss: 0.008113), valid_loss: 1.753811
loss: 1.517289 (l2_loss: 0.008421), valid_loss: 1.372344
loss: 0.353814 (l2_loss: 0.039729), valid_loss: 0.343649
loss: 0.388949 (l2_loss: 0.044170), valid_loss: 0.247039
loss: 0.163390 (l2_loss: 0.052897), valid_loss: 0.153961
loss: 0.104641 (l2_loss: 0.051149), valid_loss: 0.091209
loss: 0.096359 (l2_loss: 0.047537), valid_loss: 0.052952
loss: 0.064767 (l2_loss: 0.043947), valid_loss: 0.065066
loss: 0.044872 (l2_loss: 0.041135), valid_loss: 0.043101
loss: 0.034310 (l2_loss: 0.040223), valid_loss: 0.042308
loss: 0.042995 (l2_loss: 0.039524), valid_loss: 0.059000
loss: 0.055039 (l2_loss: 0.037112), valid_loss: 0.063944
loss: 0.026382 (l2_loss: 0.036051), valid_loss: 0.048966
loss: 0.031944 (l2_loss: 0.035883), valid_loss: 0.042586
loss: 0.033211 (l2_loss: 0.034490), valid_loss: 0.031144
loss: 0.023819 (l2_loss: 0.034593), valid_loss: 0.046755
loss: 0.038777 (l2_loss: 0.033441), valid_loss: 0.035482
loss: 0.026552 (l2_loss: 0.032358), valid_loss: 0.032715
loss: 0.032624 (l2_loss: 0.032076), valid_loss: 0.027474
loss: 0.034518 (l2_loss: 0.031847), valid_loss: 0.032397
loss: 0.034907 (l2_loss: 0.031537), valid_loss: 0.033618
loss: 0.039367 (l2_loss: 0.031359), valid_loss: 0.040951
loss: 0.015544 (l2_loss: 0.030400), valid_loss: 0.034822
loss: 0.027511 (l2_loss: 0.030470), valid_loss: 0.038381
loss: 0.030698 (l2_loss: 0.030269), valid_loss: 0.032842
loss: 0.030430 (l2_loss: 0.029652), valid_loss: 0.037172
loss: 0.041492 (l2_loss: 0.029660), valid_loss: 0.033777
loss: 0.025891 (l2_loss: 0.028702), valid_loss: 0.031651
loss: 0.036470 (l2_loss: 0.028954), valid_loss: 0.046875
loss: 0.026874 (l2_loss: 0.028914), valid_loss: 0.036651
loss: 0.016385 (l2_loss: 0.028767), valid_loss: 0.041496
loss: 2.599825 (l2_loss: 0.009460), valid_loss: 3.012019
loss: 2.207600 (l2_loss: 0.008930), valid_loss: 3.044925
loss: 2.306887 (l2_loss: 0.008493), valid_loss: 2.873451
loss: 2.843488 (l2_loss: 0.008163), valid_loss: 2.358967
loss: 2.060638 (l2_loss: 0.007941), valid_loss: 1.484285
loss: 1.569737 (l2_loss: 0.007828), valid_loss: 1.948335
loss: 1.280114 (l2_loss: 0.007821), valid_loss: 2.213504
loss: 1.951288 (l2_loss: 0.007921), valid_loss: 1.435303
loss: 1.056797 (l2_loss: 0.008114), valid_loss: 2.058804
loss: 1.594010 (l2_loss: 0.008415), valid_loss: 1.789891
loss: 0.449440 (l2_loss: 0.038311), valid_loss: 0.342162
loss: 0.248552 (l2_loss: 0.041656), valid_loss: 0.261681
loss: 0.077619 (l2_loss: 0.047904), valid_loss: 0.168215
loss: 0.053745 (l2_loss: 0.046054), valid_loss: 0.087997
loss: 0.036322 (l2_loss: 0.040970), valid_loss: 0.047053
loss: 0.036106 (l2_loss: 0.038075), valid_loss: 0.027333
loss: 0.032259 (l2_loss: 0.035379), valid_loss: 0.032076
loss: 0.025086 (l2_loss: 0.033267), valid_loss: 0.042388
loss: 0.025042 (l2_loss: 0.031489), valid_loss: 0.021333
loss: 0.017256 (l2_loss: 0.029887), valid_loss: 0.028270
loss: 0.024237 (l2_loss: 0.028594), valid_loss: 0.038093
loss: 0.020158 (l2_loss: 0.027971), valid_loss: 0.021393
loss: 0.020729 (l2_loss: 0.027028), valid_loss: 0.027701
loss: 0.019726 (l2_loss: 0.026087), valid_loss: 0.032805
loss: 0.015965 (l2_loss: 0.025531), valid_loss: 0.028607
loss: 0.017560 (l2_loss: 0.024991), valid_loss: 0.028498
loss: 0.031143 (l2_loss: 0.024113), valid_loss: 0.020496
loss: 0.015260 (l2_loss: 0.023793), valid_loss: 0.021836
loss: 0.025161 (l2_loss: 0.023389), valid_loss: 0.017752
loss: 0.014116 (l2_loss: 0.022998), valid_loss: 0.013484
loss: 0.014835 (l2_loss: 0.022603), valid_loss: 0.026268
loss: 0.025197 (l2_loss: 0.022517), valid_loss: 0.011095
loss: 0.021612 (l2_loss: 0.021829), valid_loss: 0.027690
loss: 0.021370 (l2_loss: 0.021588), valid_loss: 0.017964
loss: 0.031000 (l2_loss: 0.021246), valid_loss: 0.016545
loss: 0.023600 (l2_loss: 0.021027), valid_loss: 0.011367
loss: 0.018668 (l2_loss: 0.021002), valid_loss: 0.009355
loss: 0.014210 (l2_loss: 0.020711), valid_loss: 0.019355
loss: 0.017144 (l2_loss: 0.020490), valid_loss: 0.020623
loss: 2.516506 (l2_loss: 0.009420), valid_loss: 1.186653
loss: 2.901503 (l2_loss: 0.008820), valid_loss: 1.935584
loss: 2.844948 (l2_loss: 0.008341), valid_loss: 2.547517
loss: 2.601559 (l2_loss: 0.007987), valid_loss: 1.586210
loss: 1.734327 (l2_loss: 0.007752), valid_loss: 2.173487
loss: 2.012758 (l2_loss: 0.007637), valid_loss: 1.331143
loss: 2.449053 (l2_loss: 0.007637), valid_loss: 1.204829
loss: 2.437379 (l2_loss: 0.007747), valid_loss: 2.008081
loss: 1.289168 (l2_loss: 0.007967), valid_loss: 1.858535
loss: 2.190353 (l2_loss: 0.008299), valid_loss: 2.312744
loss: 0.496163 (l2_loss: 0.038985), valid_loss: 0.243534
loss: 0.231576 (l2_loss: 0.044188), valid_loss: 0.279280
loss: 0.086996 (l2_loss: 0.050021), valid_loss: 0.107147
loss: 0.069821 (l2_loss: 0.049195), valid_loss: 0.059527
loss: 0.040930 (l2_loss: 0.044324), valid_loss: 0.036220
loss: 0.024536 (l2_loss: 0.040743), valid_loss: 0.039207
loss: 0.034987 (l2_loss: 0.037530), valid_loss: 0.025013
loss: 0.030165 (l2_loss: 0.034750), valid_loss: 0.021368
loss: 0.017704 (l2_loss: 0.032578), valid_loss: 0.021118
loss: 0.020601 (l2_loss: 0.031248), valid_loss: 0.029772
loss: 0.015574 (l2_loss: 0.029946), valid_loss: 0.018127
loss: 0.019137 (l2_loss: 0.028400), valid_loss: 0.017841
loss: 0.026331 (l2_loss: 0.027670), valid_loss: 0.025874
loss: 0.023048 (l2_loss: 0.027010), valid_loss: 0.021939
loss: 0.023035 (l2_loss: 0.026244), valid_loss: 0.016261
loss: 0.025121 (l2_loss: 0.025234), valid_loss: 0.015058
loss: 0.016518 (l2_loss: 0.024625), valid_loss: 0.020629
loss: 0.020064 (l2_loss: 0.023916), valid_loss: 0.013463
loss: 0.021575 (l2_loss: 0.023607), valid_loss: 0.028029
loss: 0.019147 (l2_loss: 0.023234), valid_loss: 0.022899
loss: 0.029476 (l2_loss: 0.022876), valid_loss: 0.020653
loss: 0.018318 (l2_loss: 0.022432), valid_loss: 0.014676
loss: 0.029863 (l2_loss: 0.021930), valid_loss: 0.014711
loss: 0.019661 (l2_loss: 0.021775), valid_loss: 0.016366
loss: 0.014849 (l2_loss: 0.021443), valid_loss: 0.014934
loss: 0.013815 (l2_loss: 0.021303), valid_loss: 0.013874
loss: 0.008461 (l2_loss: 0.021006), valid_loss: 0.016854
loss: 0.013916 (l2_loss: 0.020746), valid_loss: 0.015302
loss: 0.018337 (l2_loss: 0.020438), valid_loss: 0.021125
[[1.         0.84247235]
 [0.84247235 1.        ]]
0.8424723457963001
