loss: 2.361409 (l2_loss: 0.009455), valid_loss: 3.167707
loss: 2.743669 (l2_loss: 0.008861), valid_loss: 3.458855
loss: 2.920818 (l2_loss: 0.008382), valid_loss: 3.034523
loss: 2.274170 (l2_loss: 0.008015), valid_loss: 2.473017
loss: 2.808507 (l2_loss: 0.007763), valid_loss: 2.003583
loss: 2.188792 (l2_loss: 0.007622), valid_loss: 1.730348
loss: 2.372851 (l2_loss: 0.007591), valid_loss: 2.405677
loss: 2.061000 (l2_loss: 0.007672), valid_loss: 2.079960
loss: 1.980479 (l2_loss: 0.007866), valid_loss: 1.716769
loss: 1.694250 (l2_loss: 0.008172), valid_loss: 1.807073
loss: 0.450646 (l2_loss: 0.034830), valid_loss: 0.450175
loss: 0.380498 (l2_loss: 0.038681), valid_loss: 0.396869
loss: 0.238186 (l2_loss: 0.046559), valid_loss: 0.216089
loss: 0.152894 (l2_loss: 0.053696), valid_loss: 0.156958
loss: 0.077910 (l2_loss: 0.055213), valid_loss: 0.090671
loss: 0.063176 (l2_loss: 0.053734), valid_loss: 0.078475
loss: 0.048125 (l2_loss: 0.051742), valid_loss: 0.053523
loss: 0.059136 (l2_loss: 0.048932), valid_loss: 0.044291
loss: 0.049694 (l2_loss: 0.046402), valid_loss: 0.062367
loss: 0.045087 (l2_loss: 0.044886), valid_loss: 0.032249
loss: 0.035283 (l2_loss: 0.042905), valid_loss: 0.034576
loss: 0.040416 (l2_loss: 0.042211), valid_loss: 0.030441
loss: 0.038167 (l2_loss: 0.041391), valid_loss: 0.037806
loss: 0.027033 (l2_loss: 0.039468), valid_loss: 0.031018
loss: 0.041042 (l2_loss: 0.039878), valid_loss: 0.026894
loss: 0.021639 (l2_loss: 0.038545), valid_loss: 0.030579
loss: 0.034310 (l2_loss: 0.037352), valid_loss: 0.046236
loss: 0.023813 (l2_loss: 0.037241), valid_loss: 0.048955
loss: 0.021322 (l2_loss: 0.036971), valid_loss: 0.026747
loss: 0.021471 (l2_loss: 0.036435), valid_loss: 0.030924
loss: 0.024047 (l2_loss: 0.035596), valid_loss: 0.035624
loss: 0.037535 (l2_loss: 0.035190), valid_loss: 0.047022
loss: 0.032581 (l2_loss: 0.035041), valid_loss: 0.027823
loss: 0.027567 (l2_loss: 0.034786), valid_loss: 0.025471
loss: 0.043993 (l2_loss: 0.033977), valid_loss: 0.029331
loss: 0.041902 (l2_loss: 0.034102), valid_loss: 0.028110
loss: 0.029476 (l2_loss: 0.033224), valid_loss: 0.034541
loss: 0.025487 (l2_loss: 0.033757), valid_loss: 0.023943
loss: 0.027215 (l2_loss: 0.033039), valid_loss: 0.030872
loss: 2.288622 (l2_loss: 0.009519), valid_loss: 2.934593
loss: 2.313444 (l2_loss: 0.008943), valid_loss: 2.778638
loss: 2.699668 (l2_loss: 0.008492), valid_loss: 1.909423
loss: 1.676572 (l2_loss: 0.008170), valid_loss: 1.594328
loss: 2.196816 (l2_loss: 0.007967), valid_loss: 1.669603
loss: 1.322978 (l2_loss: 0.007884), valid_loss: 2.236328
loss: 2.630259 (l2_loss: 0.007923), valid_loss: 2.528851
loss: 1.935767 (l2_loss: 0.008061), valid_loss: 2.222042
loss: 2.431853 (l2_loss: 0.008322), valid_loss: 2.507020
loss: 1.432663 (l2_loss: 0.008701), valid_loss: 1.416433
loss: 0.386523 (l2_loss: 0.038882), valid_loss: 0.292357
loss: 0.295438 (l2_loss: 0.039664), valid_loss: 0.258034
loss: 0.202301 (l2_loss: 0.048097), valid_loss: 0.133572
loss: 0.109618 (l2_loss: 0.051849), valid_loss: 0.128046
loss: 0.086692 (l2_loss: 0.052173), valid_loss: 0.060720
loss: 0.061561 (l2_loss: 0.050091), valid_loss: 0.052760
loss: 0.062794 (l2_loss: 0.047207), valid_loss: 0.045975
loss: 0.029361 (l2_loss: 0.045911), valid_loss: 0.036352
loss: 0.031890 (l2_loss: 0.043967), valid_loss: 0.036059
loss: 0.032074 (l2_loss: 0.041775), valid_loss: 0.037038
loss: 0.038030 (l2_loss: 0.040738), valid_loss: 0.030658
loss: 0.036929 (l2_loss: 0.040084), valid_loss: 0.042675
loss: 0.052109 (l2_loss: 0.037969), valid_loss: 0.055983
loss: 0.035960 (l2_loss: 0.037766), valid_loss: 0.051846
loss: 0.047056 (l2_loss: 0.036902), valid_loss: 0.026647
loss: 0.027654 (l2_loss: 0.035958), valid_loss: 0.029205
loss: 0.026683 (l2_loss: 0.035471), valid_loss: 0.041970
loss: 0.037610 (l2_loss: 0.035705), valid_loss: 0.032942
loss: 0.029267 (l2_loss: 0.034745), valid_loss: 0.065151
loss: 0.028593 (l2_loss: 0.034153), valid_loss: 0.035455
loss: 0.034385 (l2_loss: 0.033391), valid_loss: 0.025615
loss: 0.023888 (l2_loss: 0.033340), valid_loss: 0.019743
loss: 0.017958 (l2_loss: 0.032590), valid_loss: 0.030285
loss: 0.049923 (l2_loss: 0.033055), valid_loss: 0.060986
loss: 0.021844 (l2_loss: 0.032997), valid_loss: 0.037525
loss: 0.023370 (l2_loss: 0.032261), valid_loss: 0.026450
loss: 0.024436 (l2_loss: 0.032249), valid_loss: 0.024018
loss: 0.028914 (l2_loss: 0.031767), valid_loss: 0.027969
loss: 0.025583 (l2_loss: 0.031693), valid_loss: 0.015858
loss: 2.440401 (l2_loss: 0.009478), valid_loss: 2.821940
loss: 1.978214 (l2_loss: 0.008969), valid_loss: 1.969961
loss: 2.512095 (l2_loss: 0.008561), valid_loss: 3.581551
loss: 3.883393 (l2_loss: 0.008267), valid_loss: 1.941552
loss: 2.254307 (l2_loss: 0.008079), valid_loss: 2.055627
loss: 2.212192 (l2_loss: 0.008003), valid_loss: 1.386229
loss: 2.270574 (l2_loss: 0.008038), valid_loss: 1.085304
loss: 1.831468 (l2_loss: 0.008184), valid_loss: 2.070609
loss: 1.664652 (l2_loss: 0.008440), valid_loss: 1.534751
loss: 1.516409 (l2_loss: 0.008805), valid_loss: 2.184180
loss: 0.479017 (l2_loss: 0.035929), valid_loss: 0.332209
loss: 0.233349 (l2_loss: 0.039459), valid_loss: 0.184488
loss: 0.182474 (l2_loss: 0.044580), valid_loss: 0.203456
loss: 0.173390 (l2_loss: 0.050842), valid_loss: 0.159571
loss: 0.092025 (l2_loss: 0.053062), valid_loss: 0.063588
loss: 0.066094 (l2_loss: 0.052543), valid_loss: 0.050590
loss: 0.053091 (l2_loss: 0.049603), valid_loss: 0.062085
loss: 0.042590 (l2_loss: 0.047857), valid_loss: 0.062159
loss: 0.050342 (l2_loss: 0.045707), valid_loss: 0.041361
loss: 0.042365 (l2_loss: 0.043943), valid_loss: 0.047574
loss: 0.039285 (l2_loss: 0.041616), valid_loss: 0.049397
loss: 0.030656 (l2_loss: 0.040969), valid_loss: 0.042844
loss: 0.031505 (l2_loss: 0.039763), valid_loss: 0.035199
loss: 0.032962 (l2_loss: 0.039355), valid_loss: 0.024729
loss: 0.032614 (l2_loss: 0.038300), valid_loss: 0.027649
loss: 0.031629 (l2_loss: 0.036904), valid_loss: 0.035231
loss: 0.029002 (l2_loss: 0.036251), valid_loss: 0.042024
loss: 0.020949 (l2_loss: 0.036287), valid_loss: 0.031274
loss: 0.028367 (l2_loss: 0.035643), valid_loss: 0.027962
loss: 0.030129 (l2_loss: 0.035272), valid_loss: 0.022913
loss: 0.030452 (l2_loss: 0.034652), valid_loss: 0.024422
loss: 0.031110 (l2_loss: 0.034149), valid_loss: 0.028868
loss: 0.024822 (l2_loss: 0.033810), valid_loss: 0.029127
loss: 0.034838 (l2_loss: 0.033792), valid_loss: 0.018262
loss: 0.027877 (l2_loss: 0.032999), valid_loss: 0.030997
loss: 0.032889 (l2_loss: 0.033112), valid_loss: 0.020971
loss: 0.026926 (l2_loss: 0.032771), valid_loss: 0.021969
loss: 0.030625 (l2_loss: 0.032866), valid_loss: 0.017154
loss: 0.034229 (l2_loss: 0.031963), valid_loss: 0.024110
[[1.         0.86904612]
 [0.86904612 1.        ]]
0.8690461238533075
