loss: 3.917953 (l2_loss: 0.009447), valid_loss: 3.297377
loss: 2.571513 (l2_loss: 0.008951), valid_loss: 2.770847
loss: 2.953430 (l2_loss: 0.008550), valid_loss: 3.305080
loss: 2.157600 (l2_loss: 0.008255), valid_loss: 1.894596
loss: 2.705134 (l2_loss: 0.008068), valid_loss: 2.694519
loss: 2.093755 (l2_loss: 0.007987), valid_loss: 2.303907
loss: 2.698413 (l2_loss: 0.008014), valid_loss: 2.205409
loss: 1.991981 (l2_loss: 0.008145), valid_loss: 2.101137
loss: 2.938368 (l2_loss: 0.008387), valid_loss: 2.173539
loss: 1.955240 (l2_loss: 0.008722), valid_loss: 1.920304
loss: 0.382237 (l2_loss: 0.033114), valid_loss: 0.401309
loss: 0.293067 (l2_loss: 0.049946), valid_loss: 0.267495
loss: 0.100785 (l2_loss: 0.054676), valid_loss: 0.161753
loss: 0.060760 (l2_loss: 0.052023), valid_loss: 0.084335
loss: 0.046862 (l2_loss: 0.045771), valid_loss: 0.077026
loss: 0.047077 (l2_loss: 0.042109), valid_loss: 0.060611
loss: 0.049339 (l2_loss: 0.038522), valid_loss: 0.041579
loss: 0.040592 (l2_loss: 0.036540), valid_loss: 0.062564
loss: 0.056866 (l2_loss: 0.034075), valid_loss: 0.054101
loss: 0.038357 (l2_loss: 0.032959), valid_loss: 0.042307
loss: 0.030003 (l2_loss: 0.032160), valid_loss: 0.048650
loss: 0.061117 (l2_loss: 0.031645), valid_loss: 0.044686
loss: 0.047830 (l2_loss: 0.029811), valid_loss: 0.044818
loss: 0.034658 (l2_loss: 0.029822), valid_loss: 0.026271
loss: 0.037222 (l2_loss: 0.028648), valid_loss: 0.042271
loss: 0.041174 (l2_loss: 0.027754), valid_loss: 0.037968
loss: 0.024829 (l2_loss: 0.027254), valid_loss: 0.033359
loss: 0.049262 (l2_loss: 0.026368), valid_loss: 0.046049
loss: 0.034346 (l2_loss: 0.026412), valid_loss: 0.031889
loss: 0.033404 (l2_loss: 0.026066), valid_loss: 0.032946
loss: 0.030221 (l2_loss: 0.025436), valid_loss: 0.051097
loss: 0.032449 (l2_loss: 0.025218), valid_loss: 0.028791
loss: 0.063943 (l2_loss: 0.025584), valid_loss: 0.040536
loss: 0.027151 (l2_loss: 0.024977), valid_loss: 0.035521
loss: 0.035997 (l2_loss: 0.024479), valid_loss: 0.039747
loss: 0.039538 (l2_loss: 0.024533), valid_loss: 0.028676
loss: 0.030878 (l2_loss: 0.023938), valid_loss: 0.034479
loss: 0.028887 (l2_loss: 0.023786), valid_loss: 0.023708
loss: 0.017758 (l2_loss: 0.023775), valid_loss: 0.026145
loss: 3.528075 (l2_loss: 0.009460), valid_loss: 3.791482
loss: 2.978869 (l2_loss: 0.008973), valid_loss: 4.122165
loss: 3.160411 (l2_loss: 0.008577), valid_loss: 3.747983
loss: 3.594671 (l2_loss: 0.008284), valid_loss: 2.965197
loss: 2.756429 (l2_loss: 0.008098), valid_loss: 2.091296
loss: 2.012219 (l2_loss: 0.008017), valid_loss: 2.583533
loss: 1.818020 (l2_loss: 0.008038), valid_loss: 2.964899
loss: 2.694586 (l2_loss: 0.008163), valid_loss: 1.967676
loss: 1.592825 (l2_loss: 0.008377), valid_loss: 2.847764
loss: 2.134238 (l2_loss: 0.008697), valid_loss: 2.346684
loss: 0.520359 (l2_loss: 0.028530), valid_loss: 0.447383
loss: 0.280596 (l2_loss: 0.048137), valid_loss: 0.216208
loss: 0.181154 (l2_loss: 0.055237), valid_loss: 0.157727
loss: 0.087992 (l2_loss: 0.054859), valid_loss: 0.129190
loss: 0.087300 (l2_loss: 0.049361), valid_loss: 0.137088
loss: 0.076677 (l2_loss: 0.046003), valid_loss: 0.093700
loss: 0.092151 (l2_loss: 0.041045), valid_loss: 0.079078
loss: 0.088996 (l2_loss: 0.039930), valid_loss: 0.123970
loss: 0.068468 (l2_loss: 0.040060), valid_loss: 0.086229
loss: 0.061316 (l2_loss: 0.038818), valid_loss: 0.094238
loss: 0.072946 (l2_loss: 0.037151), valid_loss: 0.076838
loss: 0.083892 (l2_loss: 0.036168), valid_loss: 0.059633
loss: 0.052219 (l2_loss: 0.036433), valid_loss: 0.056694
loss: 0.048120 (l2_loss: 0.034563), valid_loss: 0.076915
loss: 0.057848 (l2_loss: 0.033905), valid_loss: 0.069574
loss: 0.055629 (l2_loss: 0.033990), valid_loss: 0.062041
loss: 0.063395 (l2_loss: 0.032658), valid_loss: 0.055255
loss: 0.054244 (l2_loss: 0.032920), valid_loss: 0.062559
loss: 0.046054 (l2_loss: 0.032678), valid_loss: 0.058550
loss: 0.049372 (l2_loss: 0.031856), valid_loss: 0.070634
loss: 0.073330 (l2_loss: 0.031644), valid_loss: 0.075905
loss: 0.047473 (l2_loss: 0.032041), valid_loss: 0.052520
loss: 0.074417 (l2_loss: 0.032050), valid_loss: 0.054935
loss: 0.060976 (l2_loss: 0.031160), valid_loss: 0.059863
loss: 0.044575 (l2_loss: 0.030857), valid_loss: 0.070051
loss: 0.050675 (l2_loss: 0.031231), valid_loss: 0.064121
loss: 0.075823 (l2_loss: 0.031232), valid_loss: 0.055745
loss: 0.067574 (l2_loss: 0.031628), valid_loss: 0.048794
loss: 0.028302 (l2_loss: 0.031247), valid_loss: 0.060436
loss: 3.228793 (l2_loss: 0.009420), valid_loss: 1.977329
loss: 3.761370 (l2_loss: 0.008851), valid_loss: 2.515930
loss: 3.627663 (l2_loss: 0.008404), valid_loss: 3.261626
loss: 3.168443 (l2_loss: 0.008077), valid_loss: 2.188611
loss: 2.405062 (l2_loss: 0.007866), valid_loss: 2.712467
loss: 2.540168 (l2_loss: 0.007772), valid_loss: 1.887246
loss: 2.937577 (l2_loss: 0.007791), valid_loss: 1.905195
loss: 3.011872 (l2_loss: 0.007921), valid_loss: 2.682851
loss: 1.820129 (l2_loss: 0.008162), valid_loss: 2.263833
loss: 2.821225 (l2_loss: 0.008518), valid_loss: 2.955910
loss: 0.341109 (l2_loss: 0.030751), valid_loss: 0.228865
loss: 0.282154 (l2_loss: 0.049311), valid_loss: 0.251419
loss: 0.093106 (l2_loss: 0.055701), valid_loss: 0.109539
loss: 0.097890 (l2_loss: 0.053353), valid_loss: 0.063408
loss: 0.068299 (l2_loss: 0.047108), valid_loss: 0.060878
loss: 0.045282 (l2_loss: 0.042928), valid_loss: 0.064106
loss: 0.055475 (l2_loss: 0.039465), valid_loss: 0.045085
loss: 0.054187 (l2_loss: 0.036957), valid_loss: 0.042010
loss: 0.050538 (l2_loss: 0.034537), valid_loss: 0.031045
loss: 0.038647 (l2_loss: 0.033463), valid_loss: 0.037559
loss: 0.041459 (l2_loss: 0.032068), valid_loss: 0.033586
loss: 0.039033 (l2_loss: 0.030767), valid_loss: 0.034898
loss: 0.061334 (l2_loss: 0.029734), valid_loss: 0.034071
loss: 0.041994 (l2_loss: 0.029195), valid_loss: 0.038183
loss: 0.054036 (l2_loss: 0.028828), valid_loss: 0.037575
loss: 0.033600 (l2_loss: 0.027789), valid_loss: 0.032153
loss: 0.031764 (l2_loss: 0.027365), valid_loss: 0.024298
loss: 0.041747 (l2_loss: 0.026818), valid_loss: 0.038359
loss: 0.022624 (l2_loss: 0.026282), valid_loss: 0.024340
loss: 0.037572 (l2_loss: 0.025702), valid_loss: 0.033442
loss: 0.032230 (l2_loss: 0.025360), valid_loss: 0.022075
loss: 0.021828 (l2_loss: 0.024981), valid_loss: 0.027540
loss: 0.021530 (l2_loss: 0.024764), valid_loss: 0.031303
loss: 0.032264 (l2_loss: 0.024425), valid_loss: 0.031992
loss: 0.021092 (l2_loss: 0.024300), valid_loss: 0.021215
loss: 0.055483 (l2_loss: 0.023944), valid_loss: 0.024877
loss: 0.025934 (l2_loss: 0.023681), valid_loss: 0.020805
loss: 0.024229 (l2_loss: 0.023658), valid_loss: 0.033582
loss: 0.027187 (l2_loss: 0.023367), valid_loss: 0.029300
[[1.         0.93564974]
 [0.93564974 1.        ]]
0.9356497362655011
